<?xml version="1.0" encoding="UTF-8"?>
<testsuites name="Mocha Tests" time="7.0260" tests="1" failures="0">
  <testsuite name="Root Suite" timestamp="2022-07-11T17:25:24" tests="0" file="cypress/integration/uploadFile.spec.js" time="0.0000" failures="0">
  </testsuite>
  <testsuite name="Uplaod File" timestamp="2022-07-11T17:25:24" tests="1" time="7.0260" failures="0">
    <testcase name="Uplaod File Upload" time="7.0260" classname="Upload">
    </testcase>
  </testsuite>
</testsuites>