<?xml version="1.0" encoding="UTF-8"?>
<testsuites name="Mocha Tests" time="5.4340" tests="3" failures="0">
  <testsuite name="Root Suite" timestamp="2022-07-11T16:10:23" tests="0" file="cypress/integration/listUsers.spec.js" time="0.0000" failures="0">
  </testsuite>
  <testsuite name="Contact Us" timestamp="2022-07-11T16:10:23" tests="3" time="5.4340" failures="0">
    <testcase name="Contact Us List Users" time="3.4900" classname="List Users">
    </testcase>
    <testcase name="Contact Us Verify Create New Users" time="0.8780" classname="Verify Create New Users">
    </testcase>
    <testcase name="Contact Us Verify Return Back" time="1.0660" classname="Verify Return Back">
    </testcase>
  </testsuite>
</testsuites>