<?xml version="1.0" encoding="UTF-8"?>
<testsuites name="Mocha Tests" time="3.0900" tests="3" failures="0">
  <testsuite name="Root Suite" timestamp="2022-07-11T16:58:40" tests="0" file="cypress/integration/modal.spec.js" time="0.0000" failures="0">
  </testsuite>
  <testsuite name="Testing Automação com Batista Modal Page" timestamp="2022-07-11T16:58:40" tests="3" time="3.0900" failures="0">
    <testcase name="Testing Automação com Batista Modal Page Access site" time="1.8790" classname="Access site">
    </testcase>
    <testcase name="Testing Automação com Batista Modal Page Access modal page" time="0.9900" classname="Access modal page">
    </testcase>
    <testcase name="Testing Automação com Batista Modal Page Testing Modal" time="0.2210" classname="Testing Modal">
    </testcase>
  </testsuite>
</testsuites>