<?xml version="1.0" encoding="UTF-8"?>
<testsuites name="Mocha Tests" time="5.8730" tests="1" failures="0">
  <testsuite name="Root Suite" timestamp="2022-07-11T17:23:11" tests="0" file="cypress/integration/uploadArquivo.spec.js" time="0.0000" failures="0">
  </testsuite>
  <testsuite name="Uplaod File" timestamp="2022-07-11T17:23:11" tests="1" time="5.8730" failures="0">
    <testcase name="Uplaod File Upload" time="5.8730" classname="Upload">
    </testcase>
  </testsuite>
</testsuites>