<?xml version="1.0" encoding="UTF-8"?>
<testsuites name="Mocha Tests" time="3.2380" tests="2" failures="0">
  <testsuite name="Root Suite" timestamp="2022-07-11T17:32:01" tests="0" file="cypress/integration/table.spec.js" time="0.0000" failures="0">
  </testsuite>
  <testsuite name="Upload File" timestamp="2022-07-11T17:32:01" tests="2" time="3.2380" failures="0">
    <testcase name="Upload File List Users" time="2.6050" classname="List Users">
    </testcase>
    <testcase name="Upload File Verify Itens" time="0.6330" classname="Verify Itens">
    </testcase>
  </testsuite>
</testsuites>