<?xml version="1.0" encoding="UTF-8"?>
<testsuites name="Mocha Tests" time="3.2580" tests="2" failures="0">
  <testsuite name="Root Suite" timestamp="2022-07-11T17:28:57" tests="0" file="cypress/integration/table.spec.js" time="0.0000" failures="0">
  </testsuite>
  <testsuite name="Upload File" timestamp="2022-07-11T17:28:57" tests="2" time="3.2580" failures="0">
    <testcase name="Upload File List Users" time="2.6650" classname="List Users">
    </testcase>
    <testcase name="Upload File Verify Itens" time="0.5930" classname="Verify Itens">
    </testcase>
  </testsuite>
</testsuites>