<?xml version="1.0" encoding="UTF-8"?>
<testsuites name="Mocha Tests" time="5.4540" tests="3" failures="0">
  <testsuite name="Root Suite" timestamp="2022-07-11T16:58:22" tests="0" file="cypress/integration/iframe.spec.js" time="0.0000" failures="0">
  </testsuite>
  <testsuite name="Testing Automação com Batista Iframe Page" timestamp="2022-07-11T16:58:22" tests="3" time="5.4540" failures="0">
    <testcase name="Testing Automação com Batista Iframe Page Access site" time="1.7560" classname="Access site">
    </testcase>
    <testcase name="Testing Automação com Batista Iframe Page Access iframe page" time="2.0690" classname="Access iframe page">
    </testcase>
    <testcase name="Testing Automação com Batista Iframe Page fill the form" time="1.6290" classname="fill the form">
    </testcase>
  </testsuite>
</testsuites>