<?xml version="1.0" encoding="UTF-8"?>
<testsuites name="Mocha Tests" time="3.6120" tests="2" failures="0">
  <testsuite name="Root Suite" timestamp="2022-07-11T16:56:51" tests="0" file="cypress/integration/table.spec.js" time="0.0000" failures="0">
  </testsuite>
  <testsuite name="Upload File" timestamp="2022-07-11T16:56:51" tests="2" time="3.6120" failures="0">
    <testcase name="Upload File List Users" time="2.7470" classname="List Users">
    </testcase>
    <testcase name="Upload File Verify Itens" time="0.8650" classname="Verify Itens">
    </testcase>
  </testsuite>
</testsuites>