<?xml version="1.0" encoding="UTF-8"?>
<testsuites name="Mocha Tests" time="4.6750" tests="1" failures="0">
  <testsuite name="Root Suite" timestamp="2022-07-11T16:56:08" tests="0" file="cypress/integration/dragAndDrop.spec.js" time="0.0000" failures="0">
  </testsuite>
  <testsuite name="drag and drop interaction" timestamp="2022-07-11T16:56:08" tests="1" time="4.6750" failures="0">
    <testcase name="drag and drop interaction successfully perform drag and drop" time="4.6750" classname="successfully perform drag and drop">
    </testcase>
  </testsuite>
</testsuites>