<?xml version="1.0" encoding="UTF-8"?>
<testsuites name="Mocha Tests" time="3.4530" tests="2" failures="0">
  <testsuite name="Root Suite" timestamp="2022-07-11T16:58:55" tests="0" file="cypress/integration/table.spec.js" time="0.0000" failures="0">
  </testsuite>
  <testsuite name="Upload File" timestamp="2022-07-11T16:58:55" tests="2" time="3.4530" failures="0">
    <testcase name="Upload File List Users" time="2.5380" classname="List Users">
    </testcase>
    <testcase name="Upload File Verify Itens" time="0.9150" classname="Verify Itens">
    </testcase>
  </testsuite>
</testsuites>