<?xml version="1.0" encoding="UTF-8"?>
<testsuites name="Mocha Tests" time="5.0650" tests="2" failures="0">
  <testsuite name="Root Suite" timestamp="2022-07-11T16:09:58" tests="0" file="cypress/integration/clickButton.spec.js" time="0.0000" failures="0">
  </testsuite>
  <testsuite name="Uplaod File" timestamp="2022-07-11T16:09:58" tests="2" time="5.0650" failures="0">
    <testcase name="Uplaod File List Users" time="4.1800" classname="List Users">
    </testcase>
    <testcase name="Uplaod File Verify Itens" time="0.8850" classname="Verify Itens">
    </testcase>
  </testsuite>
</testsuites>