<?xml version="1.0" encoding="UTF-8"?>
<testsuites name="Mocha Tests" time="5.5180" tests="1" failures="0">
  <testsuite name="Root Suite" timestamp="2022-07-11T16:55:49" tests="0" file="cypress/integration/acessHomePage.spec.js" time="0.0000" failures="0">
  </testsuite>
  <testsuite name="E-commerce page test automation " timestamp="2022-07-11T16:55:49" tests="1" time="5.5180" failures="0">
    <testcase name="E-commerce page test automation  Visiting HomePage" time="5.5180" classname="Visiting HomePage">
    </testcase>
  </testsuite>
</testsuites>