<?xml version="1.0" encoding="UTF-8"?>
<testsuites name="Mocha Tests" time="3.5700" tests="3" failures="0">
  <testsuite name="Root Suite" timestamp="2022-07-11T14:09:03" tests="0" file="cypress/integration/alert.spec.js" time="0.0000" failures="0">
  </testsuite>
  <testsuite name="Testing Automação com Batista Alert Page" timestamp="2022-07-11T14:09:03" tests="3" time="3.5700" failures="0">
    <testcase name="Testing Automação com Batista Alert Page Access site" time="2.8580" classname="Access site">
    </testcase>
    <testcase name="Testing Automação com Batista Alert Page Access alert page" time="0.5810" classname="Access alert page">
    </testcase>
    <testcase name="Testing Automação com Batista Alert Page should trigger an alert with a message" time="0.1310" classname="should trigger an alert with a message">
    </testcase>
  </testsuite>
</testsuites>