<?xml version="1.0" encoding="UTF-8"?>
<testsuites name="Mocha Tests" time="3.4890" tests="3" failures="0">
  <testsuite name="Root Suite" timestamp="2022-07-11T16:56:36" tests="0" file="cypress/integration/modal.spec.js" time="0.0000" failures="0">
  </testsuite>
  <testsuite name="Testing Automação com Batista Modal Page" timestamp="2022-07-11T16:56:36" tests="3" time="3.4890" failures="0">
    <testcase name="Testing Automação com Batista Modal Page Access site" time="2.3010" classname="Access site">
    </testcase>
    <testcase name="Testing Automação com Batista Modal Page Access modal page" time="0.9950" classname="Access modal page">
    </testcase>
    <testcase name="Testing Automação com Batista Modal Page Testing Modal" time="0.1930" classname="Testing Modal">
    </testcase>
  </testsuite>
</testsuites>