<?xml version="1.0" encoding="UTF-8"?>
<testsuites name="Mocha Tests" time="4.7170" tests="3" failures="0">
  <testsuite name="Root Suite" timestamp="2022-07-11T16:10:33" tests="0" file="cypress/integration/modal.spec.js" time="0.0000" failures="0">
  </testsuite>
  <testsuite name="Testing Automação com Batista Modal Page" timestamp="2022-07-11T16:10:33" tests="3" time="4.7170" failures="0">
    <testcase name="Testing Automação com Batista Modal Page Access site" time="3.5750" classname="Access site">
    </testcase>
    <testcase name="Testing Automação com Batista Modal Page Access modal page" time="0.8250" classname="Access modal page">
    </testcase>
    <testcase name="Testing Automação com Batista Modal Page Testing Modal" time="0.3170" classname="Testing Modal">
    </testcase>
  </testsuite>
</testsuites>