<?xml version="1.0" encoding="UTF-8"?>
<testsuites name="Mocha Tests" time="4.1580" tests="3" failures="0">
  <testsuite name="Root Suite" timestamp="2022-07-11T16:56:00" tests="0" file="cypress/integration/alert.spec.js" time="0.0000" failures="0">
  </testsuite>
  <testsuite name="Testing Automação com Batista Alert Page" timestamp="2022-07-11T16:56:00" tests="3" time="4.1580" failures="0">
    <testcase name="Testing Automação com Batista Alert Page Access site" time="1.8650" classname="Access site">
    </testcase>
    <testcase name="Testing Automação com Batista Alert Page Access alert page" time="2.1350" classname="Access alert page">
    </testcase>
    <testcase name="Testing Automação com Batista Alert Page should trigger an alert with a message" time="0.1580" classname="should trigger an alert with a message">
    </testcase>
  </testsuite>
</testsuites>